<?xml version="1.0" encoding="UTF-8"?>
<testng-results skipped="0" failed="1" total="1" passed="0">
  <reporter-output>
  </reporter-output>
  <suite name="Default suite" duration-ms="115" started-at="2016-01-21T16:27:23Z" finished-at="2016-01-21T16:27:23Z">
    <groups>
    </groups>
    <test name="Default test" duration-ms="115" started-at="2016-01-21T16:27:23Z" finished-at="2016-01-21T16:27:23Z">
      <class name="fileHandling.WorkbookTest">
        <test-method status="FAIL" signature="sheetTest1()[pri:0, instance:fileHandling.WorkbookTest@483bf400]" name="sheetTest1" duration-ms="89" started-at="2016-01-21T21:57:23Z" finished-at="2016-01-21T21:57:23Z">
          <exception class="org.apache.poi.openxml4j.exceptions.InvalidFormatException">
            <message>
              <![CDATA[Package should contain a content type part [M1.13]]]>
            </message>
            <full-stacktrace>
              <![CDATA[org.apache.poi.openxml4j.exceptions.InvalidFormatException: Package should contain a content type part [M1.13]
	at org.apache.poi.openxml4j.opc.ZipPackage.getPartsImpl(ZipPackage.java:201)
	at org.apache.poi.openxml4j.opc.OPCPackage.getParts(OPCPackage.java:696)
	at org.apache.poi.openxml4j.opc.OPCPackage.open(OPCPackage.java:280)
	at org.apache.poi.ss.usermodel.WorkbookFactory.create(WorkbookFactory.java:211)
	at org.apache.poi.ss.usermodel.WorkbookFactory.create(WorkbookFactory.java:170)
	at fileHandling.WorkbookTest.sheetTest1(WorkbookTest.java:21)
	at sun.reflect.NativeMethodAccessorImpl.invoke0(Native Method)
	at sun.reflect.NativeMethodAccessorImpl.invoke(NativeMethodAccessorImpl.java:62)
	at sun.reflect.DelegatingMethodAccessorImpl.invoke(DelegatingMethodAccessorImpl.java:43)
	at java.lang.reflect.Method.invoke(Method.java:497)
	at org.testng.internal.MethodInvocationHelper.invokeMethod(MethodInvocationHelper.java:85)
	at org.testng.internal.Invoker.invokeMethod(Invoker.java:639)
	at org.testng.internal.Invoker.invokeTestMethod(Invoker.java:821)
	at org.testng.internal.Invoker.invokeTestMethods(Invoker.java:1131)
	at org.testng.internal.TestMethodWorker.invokeTestMethods(TestMethodWorker.java:124)
	at org.testng.internal.TestMethodWorker.run(TestMethodWorker.java:108)
	at org.testng.TestRunner.privateRun(TestRunner.java:773)
	at org.testng.TestRunner.run(TestRunner.java:623)
	at org.testng.SuiteRunner.runTest(SuiteRunner.java:357)
	at org.testng.SuiteRunner.runSequentially(SuiteRunner.java:352)
	at org.testng.SuiteRunner.privateRun(SuiteRunner.java:310)
	at org.testng.SuiteRunner.run(SuiteRunner.java:259)
	at org.testng.SuiteRunnerWorker.runSuite(SuiteRunnerWorker.java:52)
	at org.testng.SuiteRunnerWorker.run(SuiteRunnerWorker.java:86)
	at org.testng.TestNG.runSuitesSequentially(TestNG.java:1185)
	at org.testng.TestNG.runSuitesLocally(TestNG.java:1110)
	at org.testng.TestNG.run(TestNG.java:1018)
	at org.testng.remote.RemoteTestNG.run(RemoteTestNG.java:111)
	at org.testng.remote.RemoteTestNG.initAndRun(RemoteTestNG.java:204)
	at org.testng.remote.RemoteTestNG.main(RemoteTestNG.java:175)
]]>
            </full-stacktrace>
          </exception> <!-- org.apache.poi.openxml4j.exceptions.InvalidFormatException -->
          <reporter-output>
          </reporter-output>
        </test-method> <!-- sheetTest1 -->
      </class> <!-- fileHandling.WorkbookTest -->
    </test> <!-- Default test -->
  </suite> <!-- Default suite -->
</testng-results>
